2025-12-26T18:29:13: 
2025-12-26T18:29:13: > doodles-server@1.0.0 dev
2025-12-26T18:29:13: > node index.js
2025-12-26T18:29:13: 
2025-12-26T18:29:17: server listening on 4000
2025-12-26T18:51:49: 
2025-12-26T18:51:49: > doodles-server@1.0.0 dev
2025-12-26T18:51:49: > node index.js
2025-12-26T18:51:49: 
2025-12-26T18:51:52: server listening on 4000
2025-12-27T09:17:44: 
2025-12-27T09:17:44: > doodles-server@1.0.0 dev
2025-12-27T09:17:44: > node index.js
2025-12-27T09:17:44: 
2025-12-27T09:17:49: server listening on 4000
2025-12-27T09:29:03: 
2025-12-27T09:29:03: > doodles-server@1.0.0 dev
2025-12-27T09:29:03: > node index.js
2025-12-27T09:29:03: 
2025-12-27T09:29:06: server listening on 4000
2025-12-27T09:54:35: 
2025-12-27T09:54:35: > doodles-server@1.0.0 dev
2025-12-27T09:54:35: > node index.js
2025-12-27T09:54:35: 
2025-12-27T09:54:36: server listening on 4000
2025-12-27T12:00:35: 
2025-12-27T12:00:35: > doodles-server@1.0.0 dev
2025-12-27T12:00:35: > node index.js
2025-12-27T12:00:35: 
2025-12-27T12:00:49: 
2025-12-27T12:00:49: > doodles-server@1.0.0 dev
2025-12-27T12:00:49: > node index.js
2025-12-27T12:00:49: 
2025-12-27T12:00:59: 
2025-12-27T12:00:59: > doodles-server@1.0.0 dev
2025-12-27T12:00:59: > node index.js
2025-12-27T12:00:59: 
2025-12-27T12:01:05: 
2025-12-27T12:01:05: > doodles-server@1.0.0 dev
2025-12-27T12:01:05: > node index.js
2025-12-27T12:01:05: 
2025-12-27T12:01:09: 
2025-12-27T12:01:09: > doodles-server@1.0.0 dev
2025-12-27T12:01:09: > node index.js
2025-12-27T12:01:09: 
2025-12-27T12:01:16: 
2025-12-27T12:01:16: > doodles-server@1.0.0 dev
2025-12-27T12:01:16: > node index.js
2025-12-27T12:01:16: 
2025-12-27T12:01:22: 
2025-12-27T12:01:22: > doodles-server@1.0.0 dev
2025-12-27T12:01:22: > node index.js
2025-12-27T12:01:22: 
2025-12-27T12:01:32: 
2025-12-27T12:01:32: > doodles-server@1.0.0 dev
2025-12-27T12:01:32: > node index.js
2025-12-27T12:01:32: 
2025-12-27T12:01:41: 
2025-12-27T12:01:41: > doodles-server@1.0.0 dev
2025-12-27T12:01:41: > node index.js
2025-12-27T12:01:41: 
2025-12-27T12:01:46: 
2025-12-27T12:01:46: > doodles-server@1.0.0 dev
2025-12-27T12:01:46: > node index.js
2025-12-27T12:01:46: 
2025-12-27T12:01:52: 
2025-12-27T12:01:52: > doodles-server@1.0.0 dev
2025-12-27T12:01:52: > node index.js
2025-12-27T12:01:52: 
2025-12-27T12:01:58: 
2025-12-27T12:01:58: > doodles-server@1.0.0 dev
2025-12-27T12:01:58: > node index.js
2025-12-27T12:01:58: 
2025-12-27T12:02:03: 
2025-12-27T12:02:03: > doodles-server@1.0.0 dev
2025-12-27T12:02:03: > node index.js
2025-12-27T12:02:03: 
2025-12-27T12:02:10: 
2025-12-27T12:02:10: > doodles-server@1.0.0 dev
2025-12-27T12:02:10: > node index.js
2025-12-27T12:02:10: 
2025-12-27T12:02:15: 
2025-12-27T12:02:15: > doodles-server@1.0.0 dev
2025-12-27T12:02:15: > node index.js
2025-12-27T12:02:15: 
2025-12-27T12:02:18: 
2025-12-27T12:02:18: > doodles-server@1.0.0 dev
2025-12-27T12:02:18: > node index.js
2025-12-27T12:02:18: 
2025-12-27T12:02:21: 
2025-12-27T12:02:21: > doodles-server@1.0.0 dev
2025-12-27T12:02:21: > node index.js
2025-12-27T12:02:21: 
2025-12-27T12:02:29: 
2025-12-27T12:02:29: > doodles-server@1.0.0 dev
2025-12-27T12:02:29: > node index.js
2025-12-27T12:02:29: 
2025-12-27T12:02:35: 
2025-12-27T12:02:35: > doodles-server@1.0.0 dev
2025-12-27T12:02:35: > node index.js
2025-12-27T12:02:35: 
2025-12-27T12:02:45: 
2025-12-27T12:02:45: > doodles-server@1.0.0 dev
2025-12-27T12:02:45: > node index.js
2025-12-27T12:02:45: 
2025-12-27T12:02:48: 
2025-12-27T12:02:48: > doodles-server@1.0.0 dev
2025-12-27T12:02:48: > node index.js
2025-12-27T12:02:48: 
2025-12-27T12:02:50: 
2025-12-27T12:02:50: > doodles-server@1.0.0 dev
2025-12-27T12:02:50: > node index.js
2025-12-27T12:02:50: 
2025-12-27T12:02:53: 
2025-12-27T12:02:53: > doodles-server@1.0.0 dev
2025-12-27T12:02:53: > node index.js
2025-12-27T12:02:53: 
2025-12-27T12:02:55: 
2025-12-27T12:02:55: > doodles-server@1.0.0 dev
2025-12-27T12:02:55: > node index.js
2025-12-27T12:02:55: 
2025-12-27T12:02:58: 
2025-12-27T12:02:58: > doodles-server@1.0.0 dev
2025-12-27T12:02:58: > node index.js
2025-12-27T12:02:58: 
2025-12-27T12:03:00: 
2025-12-27T12:03:00: > doodles-server@1.0.0 dev
2025-12-27T12:03:00: > node index.js
2025-12-27T12:03:00: 
2025-12-27T12:03:02: 
2025-12-27T12:03:02: > doodles-server@1.0.0 dev
2025-12-27T12:03:02: > node index.js
2025-12-27T12:03:02: 
2025-12-27T12:03:04: 
2025-12-27T12:03:04: > doodles-server@1.0.0 dev
2025-12-27T12:03:04: > node index.js
2025-12-27T12:03:04: 
2025-12-27T12:03:07: 
2025-12-27T12:03:07: > doodles-server@1.0.0 dev
2025-12-27T12:03:07: > node index.js
2025-12-27T12:03:07: 
2025-12-27T12:03:09: 
2025-12-27T12:03:09: > doodles-server@1.0.0 dev
2025-12-27T12:03:09: > node index.js
2025-12-27T12:03:09: 
2025-12-27T12:03:11: 
2025-12-27T12:03:11: > doodles-server@1.0.0 dev
2025-12-27T12:03:11: > node index.js
2025-12-27T12:03:11: 
2025-12-27T12:03:13: 
2025-12-27T12:03:13: > doodles-server@1.0.0 dev
2025-12-27T12:03:13: > node index.js
2025-12-27T12:03:13: 
2025-12-27T12:03:16: 
2025-12-27T12:03:16: > doodles-server@1.0.0 dev
2025-12-27T12:03:16: > node index.js
2025-12-27T12:03:16: 
2025-12-27T12:03:18: 
2025-12-27T12:03:18: > doodles-server@1.0.0 dev
2025-12-27T12:03:18: > node index.js
2025-12-27T12:03:18: 
2025-12-27T12:03:20: 
2025-12-27T12:03:20: > doodles-server@1.0.0 dev
2025-12-27T12:03:20: > node index.js
2025-12-27T12:03:20: 
2025-12-27T12:03:25: 
2025-12-27T12:03:25: > doodles-server@1.0.0 dev
2025-12-27T12:03:25: > node index.js
2025-12-27T12:03:25: 
2025-12-27T12:03:30: 
2025-12-27T12:03:30: > doodles-server@1.0.0 dev
2025-12-27T12:03:30: > node index.js
2025-12-27T12:03:30: 
2025-12-27T12:03:37: 
2025-12-27T12:03:37: > doodles-server@1.0.0 dev
2025-12-27T12:03:37: > node index.js
2025-12-27T12:03:37: 
2025-12-27T12:03:41: 
2025-12-27T12:03:41: > doodles-server@1.0.0 dev
2025-12-27T12:03:41: > node index.js
2025-12-27T12:03:41: 
2025-12-27T12:03:51: 
2025-12-27T12:03:51: > doodles-server@1.0.0 dev
2025-12-27T12:03:51: > node index.js
2025-12-27T12:03:51: 
2025-12-27T12:03:59: 
2025-12-27T12:03:59: > doodles-server@1.0.0 dev
2025-12-27T12:03:59: > node index.js
2025-12-27T12:03:59: 
2025-12-27T12:04:04: 
2025-12-27T12:04:04: > doodles-server@1.0.0 dev
2025-12-27T12:04:04: > node index.js
2025-12-27T12:04:04: 
2025-12-27T12:04:09: 
2025-12-27T12:04:09: > doodles-server@1.0.0 dev
2025-12-27T12:04:09: > node index.js
2025-12-27T12:04:09: 
2025-12-27T12:04:14: 
2025-12-27T12:04:14: > doodles-server@1.0.0 dev
2025-12-27T12:04:14: > node index.js
2025-12-27T12:04:14: 
2025-12-27T12:04:21: 
2025-12-27T12:04:21: > doodles-server@1.0.0 dev
2025-12-27T12:04:21: > node index.js
2025-12-27T12:04:21: 
2025-12-27T12:04:27: 
2025-12-27T12:04:27: > doodles-server@1.0.0 dev
2025-12-27T12:04:27: > node index.js
2025-12-27T12:04:27: 
2025-12-27T12:04:33: 
2025-12-27T12:04:33: > doodles-server@1.0.0 dev
2025-12-27T12:04:33: > node index.js
2025-12-27T12:04:33: 
2025-12-27T12:04:38: 
2025-12-27T12:04:38: > doodles-server@1.0.0 dev
2025-12-27T12:04:38: > node index.js
2025-12-27T12:04:38: 
2025-12-27T12:04:47: 
2025-12-27T12:04:47: > doodles-server@1.0.0 dev
2025-12-27T12:04:47: > node index.js
2025-12-27T12:04:47: 
2025-12-27T12:04:58: 
2025-12-27T12:04:58: > doodles-server@1.0.0 dev
2025-12-27T12:04:58: > node index.js
2025-12-27T12:04:58: 
2025-12-27T12:05:06: 
2025-12-27T12:05:06: > doodles-server@1.0.0 dev
2025-12-27T12:05:06: > node index.js
2025-12-27T12:05:06: 
2025-12-27T12:05:10: 
2025-12-27T12:05:10: > doodles-server@1.0.0 dev
2025-12-27T12:05:10: > node index.js
2025-12-27T12:05:10: 
2025-12-27T12:05:16: 
2025-12-27T12:05:16: > doodles-server@1.0.0 dev
2025-12-27T12:05:16: > node index.js
2025-12-27T12:05:16: 
2025-12-27T12:05:19: 
2025-12-27T12:05:19: > doodles-server@1.0.0 dev
2025-12-27T12:05:19: > node index.js
2025-12-27T12:05:19: 
2025-12-27T12:05:22: 
2025-12-27T12:05:22: > doodles-server@1.0.0 dev
2025-12-27T12:05:22: > node index.js
2025-12-27T12:05:22: 
2025-12-27T12:05:25: 
2025-12-27T12:05:25: > doodles-server@1.0.0 dev
2025-12-27T12:05:25: > node index.js
2025-12-27T12:05:25: 
2025-12-27T12:05:28: 
2025-12-27T12:05:28: > doodles-server@1.0.0 dev
2025-12-27T12:05:28: > node index.js
2025-12-27T12:05:28: 
2025-12-27T12:05:31: 
2025-12-27T12:05:31: > doodles-server@1.0.0 dev
2025-12-27T12:05:31: > node index.js
2025-12-27T12:05:31: 
2025-12-27T12:05:34: 
2025-12-27T12:05:34: > doodles-server@1.0.0 dev
2025-12-27T12:05:34: > node index.js
2025-12-27T12:05:34: 
2025-12-27T12:05:38: 
2025-12-27T12:05:38: > doodles-server@1.0.0 dev
2025-12-27T12:05:38: > node index.js
2025-12-27T12:05:38: 
2025-12-27T12:05:41: 
2025-12-27T12:05:41: > doodles-server@1.0.0 dev
2025-12-27T12:05:41: > node index.js
2025-12-27T12:05:41: 
2025-12-27T12:05:44: 
2025-12-27T12:05:44: > doodles-server@1.0.0 dev
2025-12-27T12:05:44: > node index.js
2025-12-27T12:05:44: 
2025-12-27T12:05:52: 
2025-12-27T12:05:52: > doodles-server@1.0.0 dev
2025-12-27T12:05:52: > node index.js
2025-12-27T12:05:52: 
2025-12-27T12:06:02: 
2025-12-27T12:06:02: > doodles-server@1.0.0 dev
2025-12-27T12:06:02: > node index.js
2025-12-27T12:06:02: 
2025-12-27T12:06:17: 
2025-12-27T12:06:17: > doodles-server@1.0.0 dev
2025-12-27T12:06:17: > node index.js
2025-12-27T12:06:17: 
2025-12-27T12:06:27: 
2025-12-27T12:06:27: > doodles-server@1.0.0 dev
2025-12-27T12:06:27: > node index.js
2025-12-27T12:06:27: 
2025-12-27T12:06:37: 
2025-12-27T12:06:37: > doodles-server@1.0.0 dev
2025-12-27T12:06:37: > node index.js
2025-12-27T12:06:37: 
2025-12-27T12:06:46: 
2025-12-27T12:06:46: > doodles-server@1.0.0 dev
2025-12-27T12:06:46: > node index.js
2025-12-27T12:06:46: 
2025-12-27T12:06:55: 
2025-12-27T12:06:55: > doodles-server@1.0.0 dev
2025-12-27T12:06:55: > node index.js
2025-12-27T12:06:55: 
2025-12-27T12:07:04: 
2025-12-27T12:07:04: > doodles-server@1.0.0 dev
2025-12-27T12:07:04: > node index.js
2025-12-27T12:07:04: 
2025-12-27T12:07:13: 
2025-12-27T12:07:13: > doodles-server@1.0.0 dev
2025-12-27T12:07:13: > node index.js
2025-12-27T12:07:13: 
2025-12-27T12:07:25: 
2025-12-27T12:07:25: > doodles-server@1.0.0 dev
2025-12-27T12:07:25: > node index.js
2025-12-27T12:07:25: 
2025-12-27T12:07:35: 
2025-12-27T12:07:35: > doodles-server@1.0.0 dev
2025-12-27T12:07:35: > node index.js
2025-12-27T12:07:35: 
2025-12-27T12:07:43: 
2025-12-27T12:07:43: > doodles-server@1.0.0 dev
2025-12-27T12:07:43: > node index.js
2025-12-27T12:07:43: 
2025-12-27T12:07:51: 
2025-12-27T12:07:51: > doodles-server@1.0.0 dev
2025-12-27T12:07:51: > node index.js
2025-12-27T12:07:51: 
2025-12-27T12:08:00: 
2025-12-27T12:08:00: > doodles-server@1.0.0 dev
2025-12-27T12:08:00: > node index.js
2025-12-27T12:08:00: 
2025-12-27T12:08:09: 
2025-12-27T12:08:09: > doodles-server@1.0.0 dev
2025-12-27T12:08:09: > node index.js
2025-12-27T12:08:09: 
2025-12-27T12:08:17: 
2025-12-27T12:08:17: > doodles-server@1.0.0 dev
2025-12-27T12:08:17: > node index.js
2025-12-27T12:08:17: 
2025-12-27T12:08:24: 
2025-12-27T12:08:24: > doodles-server@1.0.0 dev
2025-12-27T12:08:24: > node index.js
2025-12-27T12:08:24: 
2025-12-27T12:08:31: 
2025-12-27T12:08:31: > doodles-server@1.0.0 dev
2025-12-27T12:08:31: > node index.js
2025-12-27T12:08:31: 
2025-12-27T12:08:38: 
2025-12-27T12:08:38: > doodles-server@1.0.0 dev
2025-12-27T12:08:38: > node index.js
2025-12-27T12:08:38: 
2025-12-27T12:08:46: 
2025-12-27T12:08:46: > doodles-server@1.0.0 dev
2025-12-27T12:08:46: > node index.js
2025-12-27T12:08:46: 
2025-12-27T12:08:50: 
2025-12-27T12:08:50: > doodles-server@1.0.0 dev
2025-12-27T12:08:50: > node index.js
2025-12-27T12:08:50: 
2025-12-27T12:08:56: 
2025-12-27T12:08:56: > doodles-server@1.0.0 dev
2025-12-27T12:08:56: > node index.js
2025-12-27T12:08:56: 
2025-12-27T12:09:04: 
2025-12-27T12:09:04: > doodles-server@1.0.0 dev
2025-12-27T12:09:04: > node index.js
2025-12-27T12:09:04: 
2025-12-27T12:09:11: 
2025-12-27T12:09:11: > doodles-server@1.0.0 dev
2025-12-27T12:09:11: > node index.js
2025-12-27T12:09:11: 
2025-12-27T12:09:19: 
2025-12-27T12:09:19: > doodles-server@1.0.0 dev
2025-12-27T12:09:19: > node index.js
2025-12-27T12:09:19: 
2025-12-27T12:09:26: 
2025-12-27T12:09:26: > doodles-server@1.0.0 dev
2025-12-27T12:09:26: > node index.js
2025-12-27T12:09:26: 
2025-12-27T12:09:32: 
2025-12-27T12:09:32: > doodles-server@1.0.0 dev
2025-12-27T12:09:32: > node index.js
2025-12-27T12:09:32: 
2025-12-27T12:09:36: 
2025-12-27T12:09:36: > doodles-server@1.0.0 dev
2025-12-27T12:09:36: > node index.js
2025-12-27T12:09:36: 
2025-12-27T12:09:41: 
2025-12-27T12:09:41: > doodles-server@1.0.0 dev
2025-12-27T12:09:41: > node index.js
2025-12-27T12:09:41: 
2025-12-27T12:09:51: 
2025-12-27T12:09:51: > doodles-server@1.0.0 dev
2025-12-27T12:09:51: > node index.js
2025-12-27T12:09:51: 
2025-12-27T12:09:57: 
2025-12-27T12:09:57: > doodles-server@1.0.0 dev
2025-12-27T12:09:57: > node index.js
2025-12-27T12:09:57: 
2025-12-27T12:10:03: 
2025-12-27T12:10:03: > doodles-server@1.0.0 dev
2025-12-27T12:10:03: > node index.js
2025-12-27T12:10:03: 
2025-12-27T12:10:11: 
2025-12-27T12:10:11: > doodles-server@1.0.0 dev
2025-12-27T12:10:11: > node index.js
2025-12-27T12:10:11: 
2025-12-27T12:10:19: 
2025-12-27T12:10:19: > doodles-server@1.0.0 dev
2025-12-27T12:10:19: > node index.js
2025-12-27T12:10:19: 
2025-12-27T12:10:27: 
2025-12-27T12:10:27: > doodles-server@1.0.0 dev
2025-12-27T12:10:27: > node index.js
2025-12-27T12:10:27: 
2025-12-27T12:10:36: 
2025-12-27T12:10:36: > doodles-server@1.0.0 dev
2025-12-27T12:10:36: > node index.js
2025-12-27T12:10:36: 
2025-12-27T12:10:43: 
2025-12-27T12:10:43: > doodles-server@1.0.0 dev
2025-12-27T12:10:43: > node index.js
2025-12-27T12:10:43: 
2025-12-27T12:10:48: 
2025-12-27T12:10:48: > doodles-server@1.0.0 dev
2025-12-27T12:10:48: > node index.js
2025-12-27T12:10:48: 
2025-12-27T12:10:51: 
2025-12-27T12:10:51: > doodles-server@1.0.0 dev
2025-12-27T12:10:51: > node index.js
2025-12-27T12:10:51: 
2025-12-27T12:10:56: 
2025-12-27T12:10:56: > doodles-server@1.0.0 dev
2025-12-27T12:10:56: > node index.js
2025-12-27T12:10:56: 
2025-12-27T12:11:02: 
2025-12-27T12:11:02: > doodles-server@1.0.0 dev
2025-12-27T12:11:02: > node index.js
2025-12-27T12:11:02: 
2025-12-27T12:11:05: 
2025-12-27T12:11:05: > doodles-server@1.0.0 dev
2025-12-27T12:11:05: > node index.js
2025-12-27T12:11:05: 
2025-12-27T12:11:08: 
2025-12-27T12:11:08: > doodles-server@1.0.0 dev
2025-12-27T12:11:08: > node index.js
2025-12-27T12:11:08: 
2025-12-27T12:11:12: 
2025-12-27T12:11:12: > doodles-server@1.0.0 dev
2025-12-27T12:11:12: > node index.js
2025-12-27T12:11:12: 
2025-12-27T12:11:15: 
2025-12-27T12:11:15: > doodles-server@1.0.0 dev
2025-12-27T12:11:15: > node index.js
2025-12-27T12:11:15: 
2025-12-27T12:11:18: 
2025-12-27T12:11:18: > doodles-server@1.0.0 dev
2025-12-27T12:11:18: > node index.js
2025-12-27T12:11:18: 
2025-12-27T12:11:23: 
2025-12-27T12:11:23: > doodles-server@1.0.0 dev
2025-12-27T12:11:23: > node index.js
2025-12-27T12:11:23: 
2025-12-27T12:11:31: 
2025-12-27T12:11:31: > doodles-server@1.0.0 dev
2025-12-27T12:11:31: > node index.js
2025-12-27T12:11:31: 
2025-12-27T12:11:40: 
2025-12-27T12:11:40: > doodles-server@1.0.0 dev
2025-12-27T12:11:40: > node index.js
2025-12-27T12:11:40: 
2025-12-27T12:11:49: 
2025-12-27T12:11:49: > doodles-server@1.0.0 dev
2025-12-27T12:11:49: > node index.js
2025-12-27T12:11:49: 
2025-12-27T12:11:57: 
2025-12-27T12:11:57: > doodles-server@1.0.0 dev
2025-12-27T12:11:57: > node index.js
2025-12-27T12:11:57: 
2025-12-27T12:12:05: 
2025-12-27T12:12:05: > doodles-server@1.0.0 dev
2025-12-27T12:12:05: > node index.js
2025-12-27T12:12:05: 
2025-12-27T12:12:19: 
2025-12-27T12:12:19: > doodles-server@1.0.0 dev
2025-12-27T12:12:19: > node index.js
2025-12-27T12:12:19: 
2025-12-27T12:12:29: 
2025-12-27T12:12:29: > doodles-server@1.0.0 dev
2025-12-27T12:12:29: > node index.js
2025-12-27T12:12:29: 
2025-12-27T12:12:36: 
2025-12-27T12:12:36: > doodles-server@1.0.0 dev
2025-12-27T12:12:36: > node index.js
2025-12-27T12:12:36: 
2025-12-27T12:12:45: 
2025-12-27T12:12:45: > doodles-server@1.0.0 dev
2025-12-27T12:12:45: > node index.js
2025-12-27T12:12:45: 
2025-12-27T12:12:52: 
2025-12-27T12:12:52: > doodles-server@1.0.0 dev
2025-12-27T12:12:52: > node index.js
2025-12-27T12:12:52: 
2025-12-27T12:12:58: 
2025-12-27T12:12:58: > doodles-server@1.0.0 dev
2025-12-27T12:12:58: > node index.js
2025-12-27T12:12:58: 
2025-12-27T12:13:03: 
2025-12-27T12:13:03: > doodles-server@1.0.0 dev
2025-12-27T12:13:03: > node index.js
2025-12-27T12:13:03: 
2025-12-27T12:13:07: 
2025-12-27T12:13:07: > doodles-server@1.0.0 dev
2025-12-27T12:13:07: > node index.js
2025-12-27T12:13:07: 
2025-12-27T12:13:12: 
2025-12-27T12:13:12: > doodles-server@1.0.0 dev
2025-12-27T12:13:12: > node index.js
2025-12-27T12:13:12: 
2025-12-27T12:13:17: 
2025-12-27T12:13:17: > doodles-server@1.0.0 dev
2025-12-27T12:13:17: > node index.js
2025-12-27T12:13:17: 
2025-12-27T12:13:20: 
2025-12-27T12:13:20: > doodles-server@1.0.0 dev
2025-12-27T12:13:20: > node index.js
2025-12-27T12:13:20: 
2025-12-27T12:13:24: 
2025-12-27T12:13:24: > doodles-server@1.0.0 dev
2025-12-27T12:13:24: > node index.js
2025-12-27T12:13:24: 
2025-12-27T12:13:28: 
2025-12-27T12:13:28: > doodles-server@1.0.0 dev
2025-12-27T12:13:28: > node index.js
2025-12-27T12:13:28: 
2025-12-27T12:13:34: 
2025-12-27T12:13:34: > doodles-server@1.0.0 dev
2025-12-27T12:13:34: > node index.js
2025-12-27T12:13:34: 
2025-12-27T12:13:44: 
2025-12-27T12:13:44: > doodles-server@1.0.0 dev
2025-12-27T12:13:44: > node index.js
2025-12-27T12:13:44: 
2025-12-27T12:13:54: 
2025-12-27T12:13:54: > doodles-server@1.0.0 dev
2025-12-27T12:13:54: > node index.js
2025-12-27T12:13:54: 
2025-12-27T12:14:04: 
2025-12-27T12:14:04: > doodles-server@1.0.0 dev
2025-12-27T12:14:04: > node index.js
2025-12-27T12:14:04: 
2025-12-27T12:14:10: 
2025-12-27T12:14:10: > doodles-server@1.0.0 dev
2025-12-27T12:14:10: > node index.js
2025-12-27T12:14:10: 
2025-12-27T12:14:14: 
2025-12-27T12:14:14: > doodles-server@1.0.0 dev
2025-12-27T12:14:14: > node index.js
2025-12-27T12:14:14: 
2025-12-27T12:14:18: 
2025-12-27T12:14:18: > doodles-server@1.0.0 dev
2025-12-27T12:14:18: > node index.js
2025-12-27T12:14:18: 
2025-12-27T12:14:23: 
2025-12-27T12:14:23: > doodles-server@1.0.0 dev
2025-12-27T12:14:23: > node index.js
2025-12-27T12:14:23: 
2025-12-27T12:14:28: 
2025-12-27T12:14:28: > doodles-server@1.0.0 dev
2025-12-27T12:14:28: > node index.js
2025-12-27T12:14:28: 
2025-12-27T12:14:32: 
2025-12-27T12:14:32: > doodles-server@1.0.0 dev
2025-12-27T12:14:32: > node index.js
2025-12-27T12:14:32: 
2025-12-27T12:14:37: 
2025-12-27T12:14:37: > doodles-server@1.0.0 dev
2025-12-27T12:14:37: > node index.js
2025-12-27T12:14:37: 
2025-12-27T12:14:42: 
2025-12-27T12:14:42: > doodles-server@1.0.0 dev
2025-12-27T12:14:42: > node index.js
2025-12-27T12:14:42: 
2025-12-27T12:14:49: 
2025-12-27T12:14:49: > doodles-server@1.0.0 dev
2025-12-27T12:14:49: > node index.js
2025-12-27T12:14:49: 
2025-12-27T12:14:57: 
2025-12-27T12:14:57: > doodles-server@1.0.0 dev
2025-12-27T12:14:57: > node index.js
2025-12-27T12:14:57: 
2025-12-27T12:15:06: 
2025-12-27T12:15:06: > doodles-server@1.0.0 dev
2025-12-27T12:15:06: > node index.js
2025-12-27T12:15:06: 
2025-12-27T12:15:10: 
2025-12-27T12:15:10: > doodles-server@1.0.0 dev
2025-12-27T12:15:10: > node index.js
2025-12-27T12:15:10: 
2025-12-27T12:15:15: 
2025-12-27T12:15:15: > doodles-server@1.0.0 dev
2025-12-27T12:15:15: > node index.js
2025-12-27T12:15:15: 
2025-12-27T12:15:19: 
2025-12-27T12:15:19: > doodles-server@1.0.0 dev
2025-12-27T12:15:19: > node index.js
2025-12-27T12:15:19: 
2025-12-27T12:15:25: 
2025-12-27T12:15:25: > doodles-server@1.0.0 dev
2025-12-27T12:15:25: > node index.js
2025-12-27T12:15:25: 
2025-12-27T12:15:32: 
2025-12-27T12:15:32: > doodles-server@1.0.0 dev
2025-12-27T12:15:32: > node index.js
2025-12-27T12:15:32: 
2025-12-27T12:15:41: 
2025-12-27T12:15:41: > doodles-server@1.0.0 dev
2025-12-27T12:15:41: > node index.js
2025-12-27T12:15:41: 
2025-12-27T12:15:49: 
2025-12-27T12:15:49: > doodles-server@1.0.0 dev
2025-12-27T12:15:49: > node index.js
2025-12-27T12:15:49: 
2025-12-27T12:15:54: 
2025-12-27T12:15:54: > doodles-server@1.0.0 dev
2025-12-27T12:15:54: > node index.js
2025-12-27T12:15:54: 
2025-12-27T12:15:58: 
2025-12-27T12:15:58: > doodles-server@1.0.0 dev
2025-12-27T12:15:58: > node index.js
2025-12-27T12:15:58: 
2025-12-27T12:16:03: 
2025-12-27T12:16:03: > doodles-server@1.0.0 dev
2025-12-27T12:16:03: > node index.js
2025-12-27T12:16:03: 
2025-12-27T12:16:08: 
2025-12-27T12:16:08: > doodles-server@1.0.0 dev
2025-12-27T12:16:08: > node index.js
2025-12-27T12:16:08: 
2025-12-27T12:16:12: 
2025-12-27T12:16:12: > doodles-server@1.0.0 dev
2025-12-27T12:16:12: > node index.js
2025-12-27T12:16:12: 
2025-12-27T12:16:17: 
2025-12-27T12:16:17: > doodles-server@1.0.0 dev
2025-12-27T12:16:17: > node index.js
2025-12-27T12:16:17: 
2025-12-27T12:16:20: 
2025-12-27T12:16:20: > doodles-server@1.0.0 dev
2025-12-27T12:16:20: > node index.js
2025-12-27T12:16:20: 
2025-12-27T12:16:24: 
2025-12-27T12:16:24: > doodles-server@1.0.0 dev
2025-12-27T12:16:24: > node index.js
2025-12-27T12:16:24: 
2025-12-27T12:16:29: 
2025-12-27T12:16:29: > doodles-server@1.0.0 dev
2025-12-27T12:16:29: > node index.js
2025-12-27T12:16:29: 
2025-12-27T12:16:34: 
2025-12-27T12:16:34: > doodles-server@1.0.0 dev
2025-12-27T12:16:34: > node index.js
2025-12-27T12:16:34: 
2025-12-27T12:16:39: 
2025-12-27T12:16:39: > doodles-server@1.0.0 dev
2025-12-27T12:16:39: > node index.js
2025-12-27T12:16:39: 
2025-12-27T12:16:44: 
2025-12-27T12:16:44: > doodles-server@1.0.0 dev
2025-12-27T12:16:44: > node index.js
2025-12-27T12:16:44: 
2025-12-27T12:16:50: 
2025-12-27T12:16:50: > doodles-server@1.0.0 dev
2025-12-27T12:16:50: > node index.js
2025-12-27T12:16:50: 
2025-12-27T12:16:56: 
2025-12-27T12:16:56: > doodles-server@1.0.0 dev
2025-12-27T12:16:56: > node index.js
2025-12-27T12:16:56: 
2025-12-27T12:17:04: 
2025-12-27T12:17:04: > doodles-server@1.0.0 dev
2025-12-27T12:17:04: > node index.js
2025-12-27T12:17:04: 
2025-12-27T12:17:12: 
2025-12-27T12:17:12: > doodles-server@1.0.0 dev
2025-12-27T12:17:12: > node index.js
2025-12-27T12:17:12: 
2025-12-27T12:17:19: 
2025-12-27T12:17:19: > doodles-server@1.0.0 dev
2025-12-27T12:17:19: > node index.js
2025-12-27T12:17:19: 
2025-12-27T12:17:27: 
2025-12-27T12:17:27: > doodles-server@1.0.0 dev
2025-12-27T12:17:27: > node index.js
2025-12-27T12:17:27: 
2025-12-27T12:17:35: 
2025-12-27T12:17:35: > doodles-server@1.0.0 dev
2025-12-27T12:17:35: > node index.js
2025-12-27T12:17:35: 
2025-12-27T12:17:42: 
2025-12-27T12:17:42: > doodles-server@1.0.0 dev
2025-12-27T12:17:42: > node index.js
2025-12-27T12:17:42: 
2025-12-27T12:17:51: 
2025-12-27T12:17:51: > doodles-server@1.0.0 dev
2025-12-27T12:17:51: > node index.js
2025-12-27T12:17:51: 
2025-12-27T12:17:57: 
2025-12-27T12:17:57: > doodles-server@1.0.0 dev
2025-12-27T12:17:57: > node index.js
2025-12-27T12:17:57: 
2025-12-27T12:18:01: 
2025-12-27T12:18:01: > doodles-server@1.0.0 dev
2025-12-27T12:18:01: > node index.js
2025-12-27T12:18:01: 
2025-12-27T12:18:06: 
2025-12-27T12:18:06: > doodles-server@1.0.0 dev
2025-12-27T12:18:06: > node index.js
2025-12-27T12:18:06: 
2025-12-27T12:18:10: 
2025-12-27T12:18:10: > doodles-server@1.0.0 dev
2025-12-27T12:18:10: > node index.js
2025-12-27T12:18:10: 
2025-12-27T12:18:14: 
2025-12-27T12:18:14: > doodles-server@1.0.0 dev
2025-12-27T12:18:14: > node index.js
2025-12-27T12:18:14: 
2025-12-27T12:18:19: 
2025-12-27T12:18:19: > doodles-server@1.0.0 dev
2025-12-27T12:18:19: > node index.js
2025-12-27T12:18:19: 
2025-12-27T12:18:24: 
2025-12-27T12:18:24: > doodles-server@1.0.0 dev
2025-12-27T12:18:24: > node index.js
2025-12-27T12:18:24: 
2025-12-27T12:18:29: 
2025-12-27T12:18:29: > doodles-server@1.0.0 dev
2025-12-27T12:18:29: > node index.js
2025-12-27T12:18:29: 
2025-12-27T12:18:33: 
2025-12-27T12:18:33: > doodles-server@1.0.0 dev
2025-12-27T12:18:33: > node index.js
2025-12-27T12:18:33: 
2025-12-27T12:18:38: 
2025-12-27T12:18:38: > doodles-server@1.0.0 dev
2025-12-27T12:18:38: > node index.js
2025-12-27T12:18:38: 
2025-12-27T12:18:42: 
2025-12-27T12:18:42: > doodles-server@1.0.0 dev
2025-12-27T12:18:42: > node index.js
2025-12-27T12:18:42: 
2025-12-27T12:18:48: 
2025-12-27T12:18:48: > doodles-server@1.0.0 dev
2025-12-27T12:18:48: > node index.js
2025-12-27T12:18:48: 
2025-12-27T12:18:52: 
2025-12-27T12:18:52: > doodles-server@1.0.0 dev
2025-12-27T12:18:52: > node index.js
2025-12-27T12:18:52: 
2025-12-27T12:18:56: 
2025-12-27T12:18:56: > doodles-server@1.0.0 dev
2025-12-27T12:18:56: > node index.js
2025-12-27T12:18:56: 
2025-12-27T12:19:01: 
2025-12-27T12:19:01: > doodles-server@1.0.0 dev
2025-12-27T12:19:01: > node index.js
2025-12-27T12:19:01: 
2025-12-27T12:19:07: 
2025-12-27T12:19:07: > doodles-server@1.0.0 dev
2025-12-27T12:19:07: > node index.js
2025-12-27T12:19:07: 
2025-12-27T12:19:14: 
2025-12-27T12:19:14: > doodles-server@1.0.0 dev
2025-12-27T12:19:14: > node index.js
2025-12-27T12:19:14: 
2025-12-27T12:19:21: 
2025-12-27T12:19:21: > doodles-server@1.0.0 dev
2025-12-27T12:19:21: > node index.js
2025-12-27T12:19:21: 
2025-12-27T12:19:27: 
2025-12-27T12:19:27: > doodles-server@1.0.0 dev
2025-12-27T12:19:27: > node index.js
2025-12-27T12:19:27: 
2025-12-27T12:19:35: 
2025-12-27T12:19:35: > doodles-server@1.0.0 dev
2025-12-27T12:19:35: > node index.js
2025-12-27T12:19:35: 
2025-12-27T12:19:38: 
2025-12-27T12:19:38: > doodles-server@1.0.0 dev
2025-12-27T12:19:38: > node index.js
2025-12-27T12:19:38: 
2025-12-27T12:19:42: 
2025-12-27T12:19:42: > doodles-server@1.0.0 dev
2025-12-27T12:19:42: > node index.js
2025-12-27T12:19:42: 
2025-12-27T12:19:46: 
2025-12-27T12:19:46: > doodles-server@1.0.0 dev
2025-12-27T12:19:46: > node index.js
2025-12-27T12:19:46: 
2025-12-27T12:19:52: 
2025-12-27T12:19:52: > doodles-server@1.0.0 dev
2025-12-27T12:19:52: > node index.js
2025-12-27T12:19:52: 
2025-12-27T12:19:58: 
2025-12-27T12:19:58: > doodles-server@1.0.0 dev
2025-12-27T12:19:58: > node index.js
2025-12-27T12:19:58: 
2025-12-27T12:20:02: 
2025-12-27T12:20:02: > doodles-server@1.0.0 dev
2025-12-27T12:20:02: > node index.js
2025-12-27T12:20:02: 
2025-12-27T12:20:06: 
2025-12-27T12:20:06: > doodles-server@1.0.0 dev
2025-12-27T12:20:06: > node index.js
2025-12-27T12:20:06: 
2025-12-27T12:20:10: 
2025-12-27T12:20:10: > doodles-server@1.0.0 dev
2025-12-27T12:20:10: > node index.js
2025-12-27T12:20:10: 
2025-12-27T12:20:13: 
2025-12-27T12:20:13: > doodles-server@1.0.0 dev
2025-12-27T12:20:13: > node index.js
2025-12-27T12:20:13: 
2025-12-27T12:20:18: 
2025-12-27T12:20:18: > doodles-server@1.0.0 dev
2025-12-27T12:20:18: > node index.js
2025-12-27T12:20:18: 
2025-12-27T12:20:22: 
2025-12-27T12:20:22: > doodles-server@1.0.0 dev
2025-12-27T12:20:22: > node index.js
2025-12-27T12:20:22: 
2025-12-27T12:20:26: 
2025-12-27T12:20:26: > doodles-server@1.0.0 dev
2025-12-27T12:20:26: > node index.js
2025-12-27T12:20:26: 
2025-12-27T12:20:30: 
2025-12-27T12:20:30: > doodles-server@1.0.0 dev
2025-12-27T12:20:30: > node index.js
2025-12-27T12:20:30: 
2025-12-27T12:20:36: 
2025-12-27T12:20:36: > doodles-server@1.0.0 dev
2025-12-27T12:20:36: > node index.js
2025-12-27T12:20:36: 
2025-12-27T12:20:43: 
2025-12-27T12:20:43: > doodles-server@1.0.0 dev
2025-12-27T12:20:43: > node index.js
2025-12-27T12:20:43: 
2025-12-27T12:20:50: 
2025-12-27T12:20:50: > doodles-server@1.0.0 dev
2025-12-27T12:20:50: > node index.js
2025-12-27T12:20:50: 
2025-12-27T12:20:56: 
2025-12-27T12:20:56: > doodles-server@1.0.0 dev
2025-12-27T12:20:56: > node index.js
2025-12-27T12:20:56: 
2025-12-27T12:21:03: 
2025-12-27T12:21:03: > doodles-server@1.0.0 dev
2025-12-27T12:21:03: > node index.js
2025-12-27T12:21:03: 
2025-12-27T12:21:09: 
2025-12-27T12:21:09: > doodles-server@1.0.0 dev
2025-12-27T12:21:09: > node index.js
2025-12-27T12:21:09: 
2025-12-27T12:21:16: 
2025-12-27T12:21:16: > doodles-server@1.0.0 dev
2025-12-27T12:21:16: > node index.js
2025-12-27T12:21:16: 
2025-12-27T12:21:23: 
2025-12-27T12:21:23: > doodles-server@1.0.0 dev
2025-12-27T12:21:23: > node index.js
2025-12-27T12:21:23: 
2025-12-27T12:21:29: 
2025-12-27T12:21:29: > doodles-server@1.0.0 dev
2025-12-27T12:21:29: > node index.js
2025-12-27T12:21:29: 
2025-12-27T12:21:37: 
2025-12-27T12:21:37: > doodles-server@1.0.0 dev
2025-12-27T12:21:37: > node index.js
2025-12-27T12:21:37: 
2025-12-27T12:21:43: 
2025-12-27T12:21:43: > doodles-server@1.0.0 dev
2025-12-27T12:21:43: > node index.js
2025-12-27T12:21:43: 
2025-12-27T12:21:50: 
2025-12-27T12:21:50: > doodles-server@1.0.0 dev
2025-12-27T12:21:50: > node index.js
2025-12-27T12:21:50: 
2025-12-27T12:21:57: 
2025-12-27T12:21:57: > doodles-server@1.0.0 dev
2025-12-27T12:21:57: > node index.js
2025-12-27T12:21:57: 
2025-12-27T12:22:03: 
2025-12-27T12:22:03: > doodles-server@1.0.0 dev
2025-12-27T12:22:03: > node index.js
2025-12-27T12:22:03: 
2025-12-27T12:22:10: 
2025-12-27T12:22:10: > doodles-server@1.0.0 dev
2025-12-27T12:22:10: > node index.js
2025-12-27T12:22:10: 
2025-12-27T12:22:18: 
2025-12-27T12:22:18: > doodles-server@1.0.0 dev
2025-12-27T12:22:18: > node index.js
2025-12-27T12:22:18: 
2025-12-27T12:22:22: 
2025-12-27T12:22:22: > doodles-server@1.0.0 dev
2025-12-27T12:22:22: > node index.js
2025-12-27T12:22:22: 
2025-12-27T12:22:26: 
2025-12-27T12:22:26: > doodles-server@1.0.0 dev
2025-12-27T12:22:26: > node index.js
2025-12-27T12:22:26: 
2025-12-27T12:22:30: 
2025-12-27T12:22:30: > doodles-server@1.0.0 dev
2025-12-27T12:22:30: > node index.js
2025-12-27T12:22:30: 
2025-12-27T12:22:34: 
2025-12-27T12:22:34: > doodles-server@1.0.0 dev
2025-12-27T12:22:34: > node index.js
2025-12-27T12:22:34: 
2025-12-27T12:22:38: 
2025-12-27T12:22:38: > doodles-server@1.0.0 dev
2025-12-27T12:22:38: > node index.js
2025-12-27T12:22:38: 
2025-12-27T12:22:42: 
2025-12-27T12:22:42: > doodles-server@1.0.0 dev
2025-12-27T12:22:42: > node index.js
2025-12-27T12:22:42: 
2025-12-27T12:22:48: 
2025-12-27T12:22:48: > doodles-server@1.0.0 dev
2025-12-27T12:22:48: > node index.js
2025-12-27T12:22:48: 
2025-12-27T12:22:56: 
2025-12-27T12:22:56: > doodles-server@1.0.0 dev
2025-12-27T12:22:56: > node index.js
2025-12-27T12:22:56: 
2025-12-27T12:23:03: 
2025-12-27T12:23:03: > doodles-server@1.0.0 dev
2025-12-27T12:23:03: > node index.js
2025-12-27T12:23:03: 
2025-12-27T12:23:11: 
2025-12-27T12:23:11: > doodles-server@1.0.0 dev
2025-12-27T12:23:11: > node index.js
2025-12-27T12:23:11: 
2025-12-27T12:23:18: 
2025-12-27T12:23:18: > doodles-server@1.0.0 dev
2025-12-27T12:23:18: > node index.js
2025-12-27T12:23:18: 
2025-12-27T12:23:26: 
2025-12-27T12:23:26: > doodles-server@1.0.0 dev
2025-12-27T12:23:26: > node index.js
2025-12-27T12:23:26: 
2025-12-27T12:23:34: 
2025-12-27T12:23:34: > doodles-server@1.0.0 dev
2025-12-27T12:23:34: > node index.js
2025-12-27T12:23:34: 
2025-12-27T12:23:41: 
2025-12-27T12:23:41: > doodles-server@1.0.0 dev
2025-12-27T12:23:41: > node index.js
2025-12-27T12:23:41: 
2025-12-27T12:23:48: 
2025-12-27T12:23:48: > doodles-server@1.0.0 dev
2025-12-27T12:23:48: > node index.js
2025-12-27T12:23:48: 
2025-12-27T12:23:56: 
2025-12-27T12:23:56: > doodles-server@1.0.0 dev
2025-12-27T12:23:56: > node index.js
2025-12-27T12:23:56: 
2025-12-27T12:24:04: 
2025-12-27T12:24:04: > doodles-server@1.0.0 dev
2025-12-27T12:24:04: > node index.js
2025-12-27T12:24:04: 
2025-12-27T12:24:11: 
2025-12-27T12:24:11: > doodles-server@1.0.0 dev
2025-12-27T12:24:11: > node index.js
2025-12-27T12:24:11: 
2025-12-27T12:24:28: 
2025-12-27T12:24:28: > doodles-server@1.0.0 dev
2025-12-27T12:24:28: > node index.js
2025-12-27T12:24:28: 
2025-12-27T12:24:37: 
2025-12-27T12:24:37: > doodles-server@1.0.0 dev
2025-12-27T12:24:37: > node index.js
2025-12-27T12:24:37: 
2025-12-27T12:24:42: 
2025-12-27T12:24:42: > doodles-server@1.0.0 dev
2025-12-27T12:24:42: > node index.js
2025-12-27T12:24:42: 
2025-12-27T12:24:46: 
2025-12-27T12:24:46: > doodles-server@1.0.0 dev
2025-12-27T12:24:46: > node index.js
2025-12-27T12:24:46: 
2025-12-27T12:24:53: 
2025-12-27T12:24:53: > doodles-server@1.0.0 dev
2025-12-27T12:24:53: > node index.js
2025-12-27T12:24:53: 
2025-12-27T12:25:05: 
2025-12-27T12:25:05: > doodles-server@1.0.0 dev
2025-12-27T12:25:05: > node index.js
2025-12-27T12:25:05: 
2025-12-27T12:25:13: 
2025-12-27T12:25:13: > doodles-server@1.0.0 dev
2025-12-27T12:25:13: > node index.js
2025-12-27T12:25:13: 
2025-12-27T12:25:23: 
2025-12-27T12:25:23: > doodles-server@1.0.0 dev
2025-12-27T12:25:23: > node index.js
2025-12-27T12:25:23: 
2025-12-27T12:25:33: 
2025-12-27T12:25:33: > doodles-server@1.0.0 dev
2025-12-27T12:25:33: > node index.js
2025-12-27T12:25:33: 
2025-12-27T12:25:43: 
2025-12-27T12:25:43: > doodles-server@1.0.0 dev
2025-12-27T12:25:43: > node index.js
2025-12-27T12:25:43: 
2025-12-27T12:25:51: 
2025-12-27T12:25:51: > doodles-server@1.0.0 dev
2025-12-27T12:25:51: > node index.js
2025-12-27T12:25:51: 
2025-12-27T12:26:00: 
2025-12-27T12:26:00: > doodles-server@1.0.0 dev
2025-12-27T12:26:00: > node index.js
2025-12-27T12:26:00: 
2025-12-27T12:26:07: 
2025-12-27T12:26:07: > doodles-server@1.0.0 dev
2025-12-27T12:26:07: > node index.js
2025-12-27T12:26:07: 
2025-12-27T12:26:15: 
2025-12-27T12:26:15: > doodles-server@1.0.0 dev
2025-12-27T12:26:15: > node index.js
2025-12-27T12:26:15: 
2025-12-27T12:26:21: 
2025-12-27T12:26:21: > doodles-server@1.0.0 dev
2025-12-27T12:26:21: > node index.js
2025-12-27T12:26:21: 
2025-12-27T12:26:28: 
2025-12-27T12:26:28: > doodles-server@1.0.0 dev
2025-12-27T12:26:28: > node index.js
2025-12-27T12:26:28: 
2025-12-27T12:26:34: 
2025-12-27T12:26:34: > doodles-server@1.0.0 dev
2025-12-27T12:26:34: > node index.js
2025-12-27T12:26:34: 
2025-12-27T12:26:42: 
2025-12-27T12:26:42: > doodles-server@1.0.0 dev
2025-12-27T12:26:42: > node index.js
2025-12-27T12:26:42: 
2025-12-27T12:26:48: 
2025-12-27T12:26:48: > doodles-server@1.0.0 dev
2025-12-27T12:26:48: > node index.js
2025-12-27T12:26:48: 
2025-12-27T12:26:55: 
2025-12-27T12:26:55: > doodles-server@1.0.0 dev
2025-12-27T12:26:55: > node index.js
2025-12-27T12:26:55: 
2025-12-27T12:27:02: 
2025-12-27T12:27:02: > doodles-server@1.0.0 dev
2025-12-27T12:27:02: > node index.js
2025-12-27T12:27:02: 
2025-12-27T12:27:08: 
2025-12-27T12:27:08: > doodles-server@1.0.0 dev
2025-12-27T12:27:08: > node index.js
2025-12-27T12:27:08: 
2025-12-27T12:27:14: 
2025-12-27T12:27:14: > doodles-server@1.0.0 dev
2025-12-27T12:27:14: > node index.js
2025-12-27T12:27:14: 
2025-12-27T12:27:21: 
2025-12-27T12:27:21: > doodles-server@1.0.0 dev
2025-12-27T12:27:21: > node index.js
2025-12-27T12:27:21: 
2025-12-27T12:27:27: 
2025-12-27T12:27:27: > doodles-server@1.0.0 dev
2025-12-27T12:27:27: > node index.js
2025-12-27T12:27:27: 
2025-12-27T12:27:32: 
2025-12-27T12:27:32: > doodles-server@1.0.0 dev
2025-12-27T12:27:32: > node index.js
2025-12-27T12:27:32: 
2025-12-27T12:27:39: 
2025-12-27T12:27:39: > doodles-server@1.0.0 dev
2025-12-27T12:27:39: > node index.js
2025-12-27T12:27:39: 
2025-12-27T12:27:43: 
2025-12-27T12:27:43: > doodles-server@1.0.0 dev
2025-12-27T12:27:43: > node index.js
2025-12-27T12:27:43: 
2025-12-27T12:27:47: 
2025-12-27T12:27:47: > doodles-server@1.0.0 dev
2025-12-27T12:27:47: > node index.js
2025-12-27T12:27:47: 
2025-12-27T12:27:53: 
2025-12-27T12:27:53: > doodles-server@1.0.0 dev
2025-12-27T12:27:53: > node index.js
2025-12-27T12:27:53: 
2025-12-27T12:27:58: 
2025-12-27T12:27:58: > doodles-server@1.0.0 dev
2025-12-27T12:27:58: > node index.js
2025-12-27T12:27:58: 
2025-12-27T12:28:09: 
2025-12-27T12:28:09: > doodles-server@1.0.0 dev
2025-12-27T12:28:09: > node index.js
2025-12-27T12:28:09: 
2025-12-27T12:28:19: 
2025-12-27T12:28:19: > doodles-server@1.0.0 dev
2025-12-27T12:28:19: > node index.js
2025-12-27T12:28:19: 
2025-12-27T12:28:27: 
2025-12-27T12:28:27: > doodles-server@1.0.0 dev
2025-12-27T12:28:27: > node index.js
2025-12-27T12:28:27: 
2025-12-27T12:28:34: 
2025-12-27T12:28:34: > doodles-server@1.0.0 dev
2025-12-27T12:28:34: > node index.js
2025-12-27T12:28:34: 
2025-12-27T12:28:41: 
2025-12-27T12:28:41: > doodles-server@1.0.0 dev
2025-12-27T12:28:41: > node index.js
2025-12-27T12:28:41: 
2025-12-27T12:28:48: 
2025-12-27T12:28:48: > doodles-server@1.0.0 dev
2025-12-27T12:28:48: > node index.js
2025-12-27T12:28:48: 
2025-12-27T12:28:58: 
2025-12-27T12:28:58: > doodles-server@1.0.0 dev
2025-12-27T12:28:58: > node index.js
2025-12-27T12:28:58: 
2025-12-27T12:29:04: 
2025-12-27T12:29:04: > doodles-server@1.0.0 dev
2025-12-27T12:29:04: > node index.js
2025-12-27T12:29:04: 
2025-12-27T12:29:11: 
2025-12-27T12:29:11: > doodles-server@1.0.0 dev
2025-12-27T12:29:11: > node index.js
2025-12-27T12:29:11: 
2025-12-27T12:29:17: 
2025-12-27T12:29:17: > doodles-server@1.0.0 dev
2025-12-27T12:29:17: > node index.js
2025-12-27T12:29:17: 
2025-12-27T12:29:26: 
2025-12-27T12:29:26: > doodles-server@1.0.0 dev
2025-12-27T12:29:26: > node index.js
2025-12-27T12:29:26: 
2025-12-27T12:29:33: 
2025-12-27T12:29:33: > doodles-server@1.0.0 dev
2025-12-27T12:29:33: > node index.js
2025-12-27T12:29:33: 
2025-12-27T12:29:39: 
2025-12-27T12:29:39: > doodles-server@1.0.0 dev
2025-12-27T12:29:39: > node index.js
2025-12-27T12:29:39: 
2025-12-27T12:29:48: 
2025-12-27T12:29:48: > doodles-server@1.0.0 dev
2025-12-27T12:29:48: > node index.js
2025-12-27T12:29:48: 
2025-12-27T12:29:55: 
2025-12-27T12:29:55: > doodles-server@1.0.0 dev
2025-12-27T12:29:55: > node index.js
2025-12-27T12:29:55: 
2025-12-27T12:30:00: 
2025-12-27T12:30:00: > doodles-server@1.0.0 dev
2025-12-27T12:30:00: > node index.js
2025-12-27T12:30:00: 
2025-12-27T12:30:04: 
2025-12-27T12:30:04: > doodles-server@1.0.0 dev
2025-12-27T12:30:04: > node index.js
2025-12-27T12:30:04: 
2025-12-27T12:30:10: 
2025-12-27T12:30:10: > doodles-server@1.0.0 dev
2025-12-27T12:30:10: > node index.js
2025-12-27T12:30:10: 
2025-12-27T12:30:17: 
2025-12-27T12:30:17: > doodles-server@1.0.0 dev
2025-12-27T12:30:17: > node index.js
2025-12-27T12:30:17: 
2025-12-27T12:30:24: 
2025-12-27T12:30:24: > doodles-server@1.0.0 dev
2025-12-27T12:30:24: > node index.js
2025-12-27T12:30:24: 
2025-12-27T12:30:34: 
2025-12-27T12:30:34: > doodles-server@1.0.0 dev
2025-12-27T12:30:34: > node index.js
2025-12-27T12:30:34: 
2025-12-27T12:30:39: 
2025-12-27T12:30:39: > doodles-server@1.0.0 dev
2025-12-27T12:30:39: > node index.js
2025-12-27T12:30:39: 
2025-12-27T12:30:46: 
2025-12-27T12:30:46: > doodles-server@1.0.0 dev
2025-12-27T12:30:46: > node index.js
2025-12-27T12:30:46: 
2025-12-27T12:30:52: 
2025-12-27T12:30:52: > doodles-server@1.0.0 dev
2025-12-27T12:30:52: > node index.js
2025-12-27T12:30:52: 
2025-12-27T12:30:57: 
2025-12-27T12:30:57: > doodles-server@1.0.0 dev
2025-12-27T12:30:57: > node index.js
2025-12-27T12:30:57: 
2025-12-27T12:31:03: 
2025-12-27T12:31:03: > doodles-server@1.0.0 dev
2025-12-27T12:31:03: > node index.js
2025-12-27T12:31:03: 
2025-12-27T12:31:08: 
2025-12-27T12:31:08: > doodles-server@1.0.0 dev
2025-12-27T12:31:08: > node index.js
2025-12-27T12:31:08: 
2025-12-27T12:31:12: 
2025-12-27T12:31:12: > doodles-server@1.0.0 dev
2025-12-27T12:31:12: > node index.js
2025-12-27T12:31:12: 
2025-12-27T12:31:15: 
2025-12-27T12:31:15: > doodles-server@1.0.0 dev
2025-12-27T12:31:15: > node index.js
2025-12-27T12:31:15: 
2025-12-27T12:31:19: 
2025-12-27T12:31:19: > doodles-server@1.0.0 dev
2025-12-27T12:31:19: > node index.js
2025-12-27T12:31:19: 
2025-12-27T12:31:22: 
2025-12-27T12:31:22: > doodles-server@1.0.0 dev
2025-12-27T12:31:22: > node index.js
2025-12-27T12:31:22: 
2025-12-27T12:31:27: 
2025-12-27T12:31:27: > doodles-server@1.0.0 dev
2025-12-27T12:31:27: > node index.js
2025-12-27T12:31:27: 
2025-12-27T12:31:32: 
2025-12-27T12:31:32: > doodles-server@1.0.0 dev
2025-12-27T12:31:32: > node index.js
2025-12-27T12:31:32: 
2025-12-27T12:31:39: 
2025-12-27T12:31:39: > doodles-server@1.0.0 dev
2025-12-27T12:31:39: > node index.js
2025-12-27T12:31:39: 
2025-12-27T12:31:44: 
2025-12-27T12:31:44: > doodles-server@1.0.0 dev
2025-12-27T12:31:44: > node index.js
2025-12-27T12:31:44: 
2025-12-27T12:31:50: 
2025-12-27T12:31:50: > doodles-server@1.0.0 dev
2025-12-27T12:31:50: > node index.js
2025-12-27T12:31:50: 
2025-12-27T12:31:55: 
2025-12-27T12:31:55: > doodles-server@1.0.0 dev
2025-12-27T12:31:55: > node index.js
2025-12-27T12:31:55: 
2025-12-27T12:32:00: 
2025-12-27T12:32:00: > doodles-server@1.0.0 dev
2025-12-27T12:32:00: > node index.js
2025-12-27T12:32:00: 
2025-12-27T12:32:05: 
2025-12-27T12:32:05: > doodles-server@1.0.0 dev
2025-12-27T12:32:05: > node index.js
2025-12-27T12:32:05: 
2025-12-27T12:32:09: 
2025-12-27T12:32:09: > doodles-server@1.0.0 dev
2025-12-27T12:32:09: > node index.js
2025-12-27T12:32:09: 
2025-12-27T12:32:12: 
2025-12-27T12:32:12: > doodles-server@1.0.0 dev
2025-12-27T12:32:12: > node index.js
2025-12-27T12:32:12: 
2025-12-27T12:32:16: 
2025-12-27T12:32:16: > doodles-server@1.0.0 dev
2025-12-27T12:32:16: > node index.js
2025-12-27T12:32:16: 
2025-12-27T12:32:20: 
2025-12-27T12:32:20: > doodles-server@1.0.0 dev
2025-12-27T12:32:20: > node index.js
2025-12-27T12:32:20: 
2025-12-27T12:32:24: 
2025-12-27T12:32:24: > doodles-server@1.0.0 dev
2025-12-27T12:32:24: > node index.js
2025-12-27T12:32:24: 
2025-12-27T12:32:27: 
2025-12-27T12:32:27: > doodles-server@1.0.0 dev
2025-12-27T12:32:27: > node index.js
2025-12-27T12:32:27: 
2025-12-27T12:32:31: 
2025-12-27T12:32:31: > doodles-server@1.0.0 dev
2025-12-27T12:32:31: > node index.js
2025-12-27T12:32:31: 
2025-12-27T12:32:36: 
2025-12-27T12:32:36: > doodles-server@1.0.0 dev
2025-12-27T12:32:36: > node index.js
2025-12-27T12:32:36: 
2025-12-27T12:32:40: 
2025-12-27T12:32:40: > doodles-server@1.0.0 dev
2025-12-27T12:32:40: > node index.js
2025-12-27T12:32:40: 
2025-12-27T12:32:43: 
2025-12-27T12:32:43: > doodles-server@1.0.0 dev
2025-12-27T12:32:43: > node index.js
2025-12-27T12:32:43: 
2025-12-27T12:32:46: 
2025-12-27T12:32:46: > doodles-server@1.0.0 dev
2025-12-27T12:32:46: > node index.js
2025-12-27T12:32:46: 
2025-12-27T12:32:50: 
2025-12-27T12:32:50: > doodles-server@1.0.0 dev
2025-12-27T12:32:50: > node index.js
2025-12-27T12:32:50: 
2025-12-27T12:32:54: 
2025-12-27T12:32:54: > doodles-server@1.0.0 dev
2025-12-27T12:32:54: > node index.js
2025-12-27T12:32:54: 
2025-12-27T12:33:06: 
2025-12-27T12:33:06: > doodles-server@1.0.0 dev
2025-12-27T12:33:06: > node index.js
2025-12-27T12:33:06: 
2025-12-27T12:33:11: 
2025-12-27T12:33:11: > doodles-server@1.0.0 dev
2025-12-27T12:33:11: > node index.js
2025-12-27T12:33:11: 
2025-12-27T12:33:17: 
2025-12-27T12:33:17: > doodles-server@1.0.0 dev
2025-12-27T12:33:17: > node index.js
2025-12-27T12:33:17: 
2025-12-27T12:33:24: 
2025-12-27T12:33:24: > doodles-server@1.0.0 dev
2025-12-27T12:33:24: > node index.js
2025-12-27T12:33:24: 
2025-12-27T12:33:29: 
2025-12-27T12:33:29: > doodles-server@1.0.0 dev
2025-12-27T12:33:29: > node index.js
2025-12-27T12:33:29: 
2025-12-27T12:33:33: 
2025-12-27T12:33:33: > doodles-server@1.0.0 dev
2025-12-27T12:33:33: > node index.js
2025-12-27T12:33:33: 
2025-12-27T12:33:38: 
2025-12-27T12:33:38: > doodles-server@1.0.0 dev
2025-12-27T12:33:38: > node index.js
2025-12-27T12:33:38: 
2025-12-27T12:33:43: 
2025-12-27T12:33:43: > doodles-server@1.0.0 dev
2025-12-27T12:33:43: > node index.js
2025-12-27T12:33:43: 
2025-12-27T12:33:48: 
2025-12-27T12:33:48: > doodles-server@1.0.0 dev
2025-12-27T12:33:48: > node index.js
2025-12-27T12:33:48: 
2025-12-27T12:33:57: 
2025-12-27T12:33:57: > doodles-server@1.0.0 dev
2025-12-27T12:33:57: > node index.js
2025-12-27T12:33:57: 
2025-12-27T12:34:09: 
2025-12-27T12:34:09: > doodles-server@1.0.0 dev
2025-12-27T12:34:09: > node index.js
2025-12-27T12:34:09: 
2025-12-27T12:34:17: 
2025-12-27T12:34:17: > doodles-server@1.0.0 dev
2025-12-27T12:34:17: > node index.js
2025-12-27T12:34:17: 
2025-12-27T12:34:21: 
2025-12-27T12:34:21: > doodles-server@1.0.0 dev
2025-12-27T12:34:21: > node index.js
2025-12-27T12:34:21: 
2025-12-27T12:34:25: 
2025-12-27T12:34:25: > doodles-server@1.0.0 dev
2025-12-27T12:34:25: > node index.js
2025-12-27T12:34:25: 
2025-12-27T12:34:30: 
2025-12-27T12:34:30: > doodles-server@1.0.0 dev
2025-12-27T12:34:30: > node index.js
2025-12-27T12:34:30: 
2025-12-27T12:34:36: 
2025-12-27T12:34:36: > doodles-server@1.0.0 dev
2025-12-27T12:34:36: > node index.js
2025-12-27T12:34:36: 
2025-12-27T12:34:43: 
2025-12-27T12:34:43: > doodles-server@1.0.0 dev
2025-12-27T12:34:43: > node index.js
2025-12-27T12:34:43: 
2025-12-27T12:34:48: 
2025-12-27T12:34:48: > doodles-server@1.0.0 dev
2025-12-27T12:34:48: > node index.js
2025-12-27T12:34:48: 
2025-12-27T12:34:53: 
2025-12-27T12:34:53: > doodles-server@1.0.0 dev
2025-12-27T12:34:53: > node index.js
2025-12-27T12:34:53: 
2025-12-27T12:34:57: 
2025-12-27T12:34:57: > doodles-server@1.0.0 dev
2025-12-27T12:34:57: > node index.js
2025-12-27T12:34:57: 
