2025-12-26T18:29:13: 
2025-12-26T18:29:13: > doodles-client@1.0.0 dev
2025-12-26T18:29:13: > vite
2025-12-26T18:29:13: 
2025-12-26T18:29:17: 
2025-12-26T18:29:17:   VITE v5.4.21  ready in 3189 ms
2025-12-26T18:29:17: 
2025-12-26T18:29:17:   ➜  Local:   http://localhost:5173/
2025-12-26T18:29:17:   ➜  Network: use --host to expose
2025-12-26T18:51:50: 
2025-12-26T18:51:50: > doodles-client@1.0.0 dev
2025-12-26T18:51:50: > vite
2025-12-26T18:51:50: 
2025-12-26T18:51:53: 
2025-12-26T18:51:53:   VITE v5.4.21  ready in 2828 ms
2025-12-26T18:51:53: 
2025-12-26T18:51:53:   ➜  Local:   http://localhost:5173/
2025-12-26T18:51:53:   ➜  Network: use --host to expose
2025-12-26T18:54:50: 6:54:50 PM [vite] hmr update /src/styles.css
2025-12-26T18:55:19: 6:55:19 PM [vite] hmr update /src/styles.css
2025-12-26T18:58:45: 6:58:45 PM [vite] hmr update /src/ui/DrawingCanvas.jsx
2025-12-26T19:00:30: 7:00:30 PM [vite] hmr update /src/ui/DrawingCanvas.jsx
2025-12-26T19:01:21: 7:01:21 PM [vite] hmr update /src/styles.css
2025-12-26T19:01:42: 7:01:42 PM [vite] hmr update /src/styles.css
2025-12-26T19:02:11: 7:02:11 PM [vite] hmr update /src/styles.css
2025-12-26T19:06:54: 7:06:54 PM [vite] hmr update /src/styles.css
2025-12-26T19:07:11: 7:07:11 PM [vite] hmr update /src/styles.css
2025-12-26T19:07:26: 7:07:26 PM [vite] hmr update /src/styles.css
2025-12-26T19:07:45: 7:07:45 PM [vite] hmr update /src/styles.css
2025-12-26T19:08:02: 7:08:02 PM [vite] hmr update /src/styles.css
2025-12-26T19:08:21: 7:08:21 PM [vite] hmr update /src/styles.css
2025-12-26T19:08:21: 7:08:21 PM [vite] hmr update /src/styles.css
2025-12-26T19:08:36: 7:08:36 PM [vite] hmr update /src/styles.css
2025-12-26T19:08:56: 7:08:56 PM [vite] hmr update /src/styles.css
2025-12-26T19:09:11: 7:09:11 PM [vite] hmr update /src/styles.css
2025-12-26T19:09:29: 7:09:29 PM [vite] hmr update /src/styles.css
2025-12-26T19:09:50: 7:09:50 PM [vite] hmr update /src/styles.css
2025-12-26T19:10:09: 7:10:09 PM [vite] hmr update /src/styles.css
2025-12-26T19:10:29: 7:10:29 PM [vite] hmr update /src/styles.css
2025-12-26T19:10:48: 7:10:48 PM [vite] hmr update /src/styles.css
2025-12-26T19:11:08: 7:11:08 PM [vite] hmr update /src/styles.css
2025-12-26T19:11:28: 7:11:28 PM [vite] hmr update /src/styles.css
2025-12-26T19:11:46: 7:11:46 PM [vite] hmr update /src/styles.css
2025-12-26T19:12:06: 7:12:06 PM [vite] hmr update /src/styles.css
2025-12-26T19:12:27: 7:12:27 PM [vite] hmr update /src/styles.css
2025-12-26T19:16:04: 7:16:04 PM [vite] hmr update /src/styles.css
2025-12-26T19:17:04: 7:17:04 PM [vite] hmr update /src/styles.css
2025-12-27T09:17:44: 
2025-12-27T09:17:44: > doodles-client@1.0.0 dev
2025-12-27T09:17:44: > vite
2025-12-27T09:17:44: 
2025-12-27T09:17:51: 
2025-12-27T09:17:51:   VITE v5.4.21  ready in 5841 ms
2025-12-27T09:17:51: 
2025-12-27T09:17:51:   ➜  Local:   http://localhost:5173/
2025-12-27T09:17:51:   ➜  Network: use --host to expose
2025-12-27T09:29:03: 
2025-12-27T09:29:03: > doodles-client@1.0.0 dev
2025-12-27T09:29:03: > vite
2025-12-27T09:29:03: 
2025-12-27T09:29:07: 
2025-12-27T09:29:07:   VITE v5.4.21  ready in 3095 ms
2025-12-27T09:29:07: 
2025-12-27T09:29:07:   ➜  Local:   http://localhost:5173/
2025-12-27T09:29:07:   ➜  Network: use --host to expose
2025-12-27T09:54:35: 
2025-12-27T09:54:35: > doodles-client@1.0.0 dev
2025-12-27T09:54:35: > vite
2025-12-27T09:54:35: 
2025-12-27T09:54:37: 
2025-12-27T09:54:37:   VITE v5.4.21  ready in 1721 ms
2025-12-27T09:54:37: 
2025-12-27T09:54:37:   ➜  Local:   http://localhost:5173/
2025-12-27T09:54:37:   ➜  Network: use --host to expose
2025-12-27T10:38:13: 10:38:13 AM [vite] page reload index.html
2025-12-27T12:00:35: 
2025-12-27T12:00:35: > doodles-client@1.0.0 dev
2025-12-27T12:00:35: > vite
2025-12-27T12:00:35: 
2025-12-27T12:00:43: Port 5173 is in use, trying another one...
2025-12-27T12:00:43: 
2025-12-27T12:00:43:   VITE v5.4.21  ready in 6481 ms
2025-12-27T12:00:43: 
2025-12-27T12:00:43:   ➜  Local:   http://localhost:5174/
2025-12-27T12:00:43:   ➜  Network: use --host to expose
2025-12-27T12:42:00: 
2025-12-27T12:42:00: > doodles-client@1.0.0 dev
2025-12-27T12:42:00: > vite
2025-12-27T12:42:00: 
2025-12-27T12:42:07: Port 5173 is in use, trying another one...
2025-12-27T12:42:08: 
2025-12-27T12:42:08:   VITE v5.4.21  ready in 6925 ms
2025-12-27T12:42:08: 
2025-12-27T12:42:08:   ➜  Local:   http://localhost:5174/
2025-12-27T12:42:08:   ➜  Network: use --host to expose
2025-12-27T13:34:33: 
2025-12-27T13:34:33: > doodles-client@1.0.0 dev
2025-12-27T13:34:33: > vite
2025-12-27T13:34:33: 
2025-12-27T13:34:38: Port 5173 is in use, trying another one...
2025-12-27T13:34:38: 
2025-12-27T13:34:38:   VITE v5.4.21  ready in 4299 ms
2025-12-27T13:34:38: 
2025-12-27T13:34:38:   ➜  Local:   http://localhost:5174/
2025-12-27T13:34:38:   ➜  Network: use --host to expose
2025-12-27T19:13:42: 
2025-12-27T19:13:42: > doodles-client@1.0.0 dev
2025-12-27T19:13:42: > vite
2025-12-27T19:13:42: 
2025-12-27T19:13:47: Port 5173 is in use, trying another one...
2025-12-27T19:13:47: 
2025-12-27T19:13:47:   VITE v5.4.21  ready in 3866 ms
2025-12-27T19:13:47: 
2025-12-27T19:13:47:   ➜  Local:   http://localhost:5174/
2025-12-27T19:13:47:   ➜  Network: use --host to expose
2025-12-27T22:11:50: 
2025-12-27T22:11:50: > doodles-client@1.0.0 dev
2025-12-27T22:11:50: > vite
2025-12-27T22:11:50: 
2025-12-27T22:11:52: 
2025-12-27T22:11:52:   VITE v5.4.21  ready in 1892 ms
2025-12-27T22:11:52: 
2025-12-27T22:11:52:   ➜  Local:   http://localhost:5173/
2025-12-27T22:11:52:   ➜  Network: use --host to expose
2025-12-27T23:21:20: 
2025-12-27T23:21:20: > doodles-client@1.0.0 dev
2025-12-27T23:21:20: > vite
2025-12-27T23:21:20: 
2025-12-27T23:21:25: 
2025-12-27T23:21:25:   VITE v5.4.21  ready in 3542 ms
2025-12-27T23:21:25: 
2025-12-27T23:21:25:   ➜  Local:   http://localhost:5173/
2025-12-27T23:21:25:   ➜  Network: use --host to expose
2025-12-29T10:10:35: 
2025-12-29T10:10:35: > doodles-client@1.0.0 dev
2025-12-29T10:10:35: > vite
2025-12-29T10:10:35: 
2025-12-29T10:10:37: 
2025-12-29T10:10:37:   VITE v5.4.21  ready in 2007 ms
2025-12-29T10:10:37: 
2025-12-29T10:10:37:   ➜  Local:   http://localhost:5173/
2025-12-29T10:10:37:   ➜  Network: use --host to expose
2025-12-29T10:20:03: 
2025-12-29T10:20:03: > doodles-client@1.0.0 dev
2025-12-29T10:20:03: > vite
2025-12-29T10:20:03: 
2025-12-29T10:20:07: 
2025-12-29T10:20:07:   VITE v5.4.21  ready in 3953 ms
2025-12-29T10:20:07: 
2025-12-29T10:20:07:   ➜  Local:   http://localhost:5173/
2025-12-29T10:20:07:   ➜  Network: use --host to expose
2025-12-29T10:41:07: 
2025-12-29T10:41:07: > doodles-client@1.0.0 dev
2025-12-29T10:41:07: > vite
2025-12-29T10:41:07: 
2025-12-29T10:41:13: 
2025-12-29T10:41:13:   VITE v5.4.21  ready in 5410 ms
2025-12-29T10:41:13: 
2025-12-29T10:41:13:   ➜  Local:   http://localhost:5173/
2025-12-29T10:41:13:   ➜  Network: use --host to expose
2025-12-29T20:41:27: 
2025-12-29T20:41:27: > doodles-client@1.0.0 dev
2025-12-29T20:41:27: > vite
2025-12-29T20:41:27: 
2025-12-29T20:41:32: 
2025-12-29T20:41:32:   VITE v5.4.21  ready in 3907 ms
2025-12-29T20:41:32: 
2025-12-29T20:41:32:   ➜  Local:   http://localhost:5173/
2025-12-29T20:41:32:   ➜  Network: use --host to expose
2025-12-30T12:35:34: 
2025-12-30T12:35:34: > doodles-client@1.0.0 dev
2025-12-30T12:35:34: > vite
2025-12-30T12:35:34: 
2025-12-30T12:35:41: 
2025-12-30T12:35:41:   VITE v5.4.21  ready in 6500 ms
2025-12-30T12:35:41: 
2025-12-30T12:35:41:   ➜  Local:   http://localhost:5173/
2025-12-30T12:35:41:   ➜  Network: use --host to expose
2025-12-30T13:40:06: 
2025-12-30T13:40:06: > doodles-client@1.0.0 dev
2025-12-30T13:40:06: > vite
2025-12-30T13:40:06: 
2025-12-30T13:40:12: 
2025-12-30T13:40:12:   VITE v5.4.21  ready in 4853 ms
2025-12-30T13:40:12: 
2025-12-30T13:40:12:   ➜  Local:   http://localhost:5173/
2025-12-30T13:40:12:   ➜  Network: use --host to expose
2025-12-30T18:06:51: 
2025-12-30T18:06:51: > doodles-client@1.0.0 dev
2025-12-30T18:06:51: > vite
2025-12-30T18:06:51: 
2025-12-30T18:06:57: Port 5173 is in use, trying another one...
2025-12-30T18:06:57: 
2025-12-30T18:06:57:   VITE v5.4.21  ready in 5750 ms
2025-12-30T18:06:57: 
2025-12-30T18:06:57:   ➜  Local:   http://localhost:5174/
2025-12-30T18:06:57:   ➜  Network: use --host to expose
